<?xml version="1.0" encoding="UTF-8" ?>
<testsuites disabled="0" errors="0" failures="0" tests="4" time="72.872">
 <testsuite name="Google search for testx.io" timestamp="2018-06-29T14:54:08" hostname="localhost" time="25.073" errors="0" tests="1" skipped="0" disabled="0" failures="0">
  <testcase classname="Google search for testx.io" name="should find http://testx.io" time="25.067" />
 </testsuite>
 <testsuite name="Google search for testx.io" timestamp="2018-06-29T14:54:33" hostname="localhost" time="17.171" errors="0" tests="1" skipped="0" disabled="0" failures="0">
  <testcase classname="Google search for testx.io" name="should find http://testx.io" time="17.169" />
 </testsuite>
 <testsuite name="Google search for testx.io" timestamp="2018-06-29T14:54:50" hostname="localhost" time="17.143" errors="0" tests="1" skipped="0" disabled="0" failures="0">
  <testcase classname="Google search for testx.io" name="should find http://testx.io" time="17.142" />
 </testsuite>
 <testsuite name="Google search for testx.io" timestamp="2018-06-29T14:55:07" hostname="localhost" time="13.485" errors="0" tests="1" skipped="0" disabled="0" failures="0">
  <testcase classname="Google search for testx.io" name="should find http://testx.io" time="13.483" />
 </testsuite>
</testsuites>