<?xml version="1.0" encoding="UTF-8" ?>
<testsuites disabled="0" errors="0" failures="0" tests="1" time="22.248">
 <testsuite name="Google search for testx.io" timestamp="2018-06-29T14:26:22" hostname="localhost" time="22.248" errors="0" tests="1" skipped="0" disabled="0" failures="0">
  <testcase classname="Google search for testx.io" name="should find http://testx.io" time="22.241" />
 </testsuite>
</testsuites>